2024-02-25 13:32:06,790 [INFO] Activator:176 - 


2024-02-25 13:32:06,793 [INFO] Activator:177 - !SESSION log4j initialized
2024-02-25 13:32:10,363 [INFO] LogOutputStream:77 - [STDOUT_REDIRECT] 
2024-02-25 13:32:17,242 [INFO] ApplicationProperties:184 - Using Application install path: C:\ST\STM32CubeIDE_1.14.1\STM32CubeIDE\plugins\com.st.stm32cube.common.mx_6.10.0.202311202037
2024-02-25 13:32:17,266 [INFO] DbMcusXml:78 - Set database path to: C:\ST\STM32CubeIDE_1.14.1\STM32CubeIDE\plugins\com.st.stm32cube.common.mx_6.10.0.202311202037\\db\/mcu/
2024-02-25 13:32:17,266 [INFO] ApiDb:274 - Set plugin database path to: C:\ST\STM32CubeIDE_1.14.1\STM32CubeIDE\plugins\com.st.stm32cube.common.mx_6.10.0.202311202037\\db\/plugins/boardmanager/
2024-02-25 13:32:17,267 [WARN] ApiDb:259 - Overriding images path with different value:  => C:\ST\STM32CubeIDE_1.14.1\STM32CubeIDE\plugins\com.st.stm32cube.common.mx_6.10.0.202311202037\\db\/plugins/mcufinder/images/
2024-02-25 13:32:17,275 [INFO] ApiDb:250 - Set database path to: C:\Users\jjosw\.stmcufinder\plugins\mcufinder//mcu/
2024-02-25 13:32:17,276 [INFO] DbMcusAds:125 - Set database path to: C:\Users\jjosw\.stmcufinder\plugins\mcufinder//mcu/
2024-02-25 13:32:17,280 [INFO] CrossReferenceDbSqlite:203 - Set database path to: C:\Users\jjosw\.stmcufinder\plugins\mcufinder//mcu/cs/
2024-02-25 13:32:17,457 [INFO] RulesReader:64 - Compatibility file has been processed (297 Rules)
2024-02-25 13:32:17,556 [INFO] DbMcusXml:78 - Set database path to: C:\ST\STM32CubeIDE_1.14.1\STM32CubeIDE\plugins\com.st.stm32cube.common.mx_6.10.0.202311202037\\db\/mcu/
2024-02-25 13:32:17,556 [INFO] ApiDb:274 - Set plugin database path to: C:\ST\STM32CubeIDE_1.14.1\STM32CubeIDE\plugins\com.st.stm32cube.common.mx_6.10.0.202311202037\\db\/plugins/boardmanager/
2024-02-25 13:32:17,556 [INFO] ApiDb:261 - Set plugin images path to: C:\ST\STM32CubeIDE_1.14.1\STM32CubeIDE\plugins\com.st.stm32cube.common.mx_6.10.0.202311202037\\db\/plugins/mcufinder/images/
2024-02-25 13:32:17,556 [WARN] DbFile:41 - Overriding database path with different value: C:\Users\jjosw\.stmcufinder\plugins\mcufinder/ => C:\Users\jjosw\.stmcufinder\plugins\mcufinder
2024-02-25 13:32:17,556 [INFO] ApiDb:250 - Set database path to: C:\Users\jjosw\.stmcufinder\plugins\mcufinder//mcu/
2024-02-25 13:32:17,556 [WARN] DbFile:41 - Overriding database path with different value: C:\Users\jjosw\.stmcufinder\plugins\mcufinder/ => C:\Users\jjosw\.stmcufinder\plugins\mcufinder
2024-02-25 13:32:17,556 [INFO] DbMcusAds:125 - Set database path to: C:\Users\jjosw\.stmcufinder\plugins\mcufinder//mcu/
2024-02-25 13:32:17,557 [WARN] DbFile:41 - Overriding database path with different value: C:\Users\jjosw\.stmcufinder\plugins\mcufinder/ => C:\Users\jjosw\.stmcufinder\plugins\mcufinder
2024-02-25 13:32:17,557 [WARN] DbFile:41 - Overriding database path with different value: C:\Users\jjosw\.stmcufinder\plugins\mcufinder/ => C:\Users\jjosw\.stmcufinder\plugins\mcufinder
2024-02-25 13:32:17,557 [INFO] CrossReferenceDbSqlite:203 - Set database path to: C:\Users\jjosw\.stmcufinder\plugins\mcufinder//mcu/cs/
2024-02-25 13:32:17,651 [INFO] MainPanel:264 - HeapMemory: 268435456
2024-02-25 13:32:17,785 [INFO] DbMcusXml:78 - Set database path to: C:\ST\STM32CubeIDE_1.14.1\STM32CubeIDE\plugins\com.st.stm32cube.common.mx_6.10.0.202311202037\\db\/mcu/
2024-02-25 13:32:17,785 [INFO] ApiDb:274 - Set plugin database path to: C:\ST\STM32CubeIDE_1.14.1\STM32CubeIDE\plugins\com.st.stm32cube.common.mx_6.10.0.202311202037\\db\/plugins/boardmanager/
2024-02-25 13:32:17,785 [INFO] ApiDb:261 - Set plugin images path to: C:\ST\STM32CubeIDE_1.14.1\STM32CubeIDE\plugins\com.st.stm32cube.common.mx_6.10.0.202311202037\\db\/plugins/mcufinder/images/
2024-02-25 13:32:17,785 [WARN] DbFile:41 - Overriding database path with different value: C:\Users\jjosw\.stmcufinder\plugins\mcufinder/ => C:\Users\jjosw\.stmcufinder\plugins\mcufinder
2024-02-25 13:32:17,785 [INFO] ApiDb:250 - Set database path to: C:\Users\jjosw\.stmcufinder\plugins\mcufinder//mcu/
2024-02-25 13:32:17,786 [WARN] DbFile:41 - Overriding database path with different value: C:\Users\jjosw\.stmcufinder\plugins\mcufinder/ => C:\Users\jjosw\.stmcufinder\plugins\mcufinder
2024-02-25 13:32:17,786 [INFO] DbMcusAds:125 - Set database path to: C:\Users\jjosw\.stmcufinder\plugins\mcufinder//mcu/
2024-02-25 13:32:17,786 [WARN] DbFile:41 - Overriding database path with different value: C:\Users\jjosw\.stmcufinder\plugins\mcufinder/ => C:\Users\jjosw\.stmcufinder\plugins\mcufinder
2024-02-25 13:32:17,786 [WARN] DbFile:41 - Overriding database path with different value: C:\Users\jjosw\.stmcufinder\plugins\mcufinder/ => C:\Users\jjosw\.stmcufinder\plugins\mcufinder
2024-02-25 13:32:17,786 [INFO] CrossReferenceDbSqlite:203 - Set database path to: C:\Users\jjosw\.stmcufinder\plugins\mcufinder//mcu/cs/
2024-02-25 13:32:17,811 [INFO] ApplicationProperties:184 - Using Application install path: C:\ST\STM32CubeIDE_1.14.1\STM32CubeIDE\plugins\com.st.stm32cube.common.mx_6.10.0.202311202037
2024-02-25 13:32:17,812 [INFO] PluginManage:196 - Search for loadable plugins [exclusion list=, ]
2024-02-25 13:32:17,815 [INFO] PluginManage:310 - Check plugin analytics
2024-02-25 13:32:22,961 [INFO] AnalyticsPlugin:253 - Accepted Software Licenses: STM32CubeMX.6.10.0
2024-02-25 13:32:22,961 [INFO] AnalyticsPlugin:255 - Accepted CMSIS Pack Licenses: 
2024-02-25 13:32:22,962 [INFO] AnalyticsPlugin:257 - Accepted Firmware Licenses: FW.WB.1.18.0
2024-02-25 13:32:22,966 [INFO] PluginManage:359 - Loaded plugin analytics (category:tool,tabindex:-1)
2024-02-25 13:32:22,967 [INFO] PluginManage:310 - Check plugin cadmodel
2024-02-25 13:32:22,972 [INFO] CADModel:105 - Init CAD model plugin
2024-02-25 13:32:22,972 [INFO] PluginManage:359 - Loaded plugin cadmodel (category:power,tabindex:5)
2024-02-25 13:32:22,972 [INFO] PluginManage:310 - Check plugin clock
2024-02-25 13:32:22,983 [INFO] PluginManage:359 - Loaded plugin clock (category:base,tabindex:2)
2024-02-25 13:32:22,983 [INFO] PluginManage:310 - Check plugin ddr
2024-02-25 13:32:22,986 [INFO] PluginManage:359 - Loaded plugin ddr (category:tool,tabindex:6)
2024-02-25 13:32:22,986 [INFO] PluginManage:310 - Check plugin filemanager
2024-02-25 13:32:23,156 [INFO] PluginManage:359 - Loaded plugin filemanager (category:base,tabindex:10)
2024-02-25 13:32:23,156 [INFO] PluginManage:310 - Check plugin ipmanager
2024-02-25 13:32:23,165 [INFO] PluginManage:359 - Loaded plugin ipmanager (category:base,tabindex:5)
2024-02-25 13:32:23,165 [INFO] PluginManage:310 - Check plugin lpbam
2024-02-25 13:32:23,172 [INFO] PluginManage:359 - Loaded plugin lpbam (category:base,tabindex:0)
2024-02-25 13:32:23,173 [INFO] PluginManage:310 - Check plugin memorymap
2024-02-25 13:32:23,208 [INFO] PluginManage:359 - Loaded plugin memorymap (category:base,tabindex:4)
2024-02-25 13:32:23,209 [INFO] PluginManage:310 - Check plugin pinoutandconfiguration
2024-02-25 13:32:23,220 [INFO] PluginManage:359 - Loaded plugin pinoutandconfiguration (category:base,tabindex:1)
2024-02-25 13:32:23,220 [INFO] PluginManage:310 - Check plugin pinoutconfig
2024-02-25 13:32:23,326 [WARN] SupportedApi:132 - Cannot load RTOS API schema: s4s-elt-must-match.1: The content of 'definitions' must match (annotation?, (simpleType | complexType)?, (unique | key | keyref)*)). A problem was found starting at: attribute.
2024-02-25 13:32:23,482 [INFO] PluginManage:359 - Loaded plugin pinoutconfig (category:base,tabindex:0)
2024-02-25 13:32:23,482 [INFO] PluginManage:310 - Check plugin power
2024-02-25 13:32:23,494 [INFO] PluginManage:359 - Loaded plugin power (category:power,tabindex:4)
2024-02-25 13:32:23,494 [INFO] PluginManage:310 - Check plugin projectmanager
2024-02-25 13:32:23,512 [INFO] PluginManage:359 - Loaded plugin projectmanager (category:projectmanager,tabindex:3)
2024-02-25 13:32:23,512 [INFO] PluginManage:310 - Check plugin thirdparty
2024-02-25 13:32:23,660 [INFO] PluginManage:359 - Loaded plugin thirdparty (category:base,tabindex:-1)
2024-02-25 13:32:23,660 [WARN] IntegrityCheckThread:84 - waiting for thirdparty lock release [integrity check]
2024-02-25 13:32:23,660 [INFO] PluginManage:310 - Check plugin tools
2024-02-25 13:32:23,660 [INFO] IntegrityCheckThread:86 - entering critical section [integrity check]
2024-02-25 13:32:23,661 [INFO] ThirdPartyUpdaterWithRetryManager:70 - Updater plugin not ready yet. [1/15]
2024-02-25 13:32:23,664 [INFO] PluginManage:359 - Loaded plugin tools (category:base,tabindex:7)
2024-02-25 13:32:23,664 [INFO] PluginManage:310 - Check plugin tutovideos
2024-02-25 13:32:23,873 [INFO] PluginManage:359 - Loaded plugin tutovideos (category:base,tabindex:-1)
2024-02-25 13:32:23,873 [INFO] PluginManage:310 - Check plugin updater
2024-02-25 13:32:23,886 [INFO] PluginManage:359 - Loaded plugin updater (category:base,tabindex:12)
2024-02-25 13:32:23,886 [INFO] PluginManage:310 - Check plugin userauth
2024-02-25 13:32:23,894 [INFO] UserAuth:114 - Init User Auth plugin
2024-02-25 13:32:23,894 [INFO] PluginManage:359 - Loaded plugin userauth (category:base,tabindex:14)
2024-02-25 13:32:23,895 [INFO] PluginManage:283 - PluginManage : Loaded plugins [17]
2024-02-25 13:32:24,170 [INFO] PinOutPanel:1499 - setPackage(No Configuration,No Configuration)
2024-02-25 13:32:24,258 [INFO] CADModel:165 - CPN selected for project level
2024-02-25 13:32:24,258 [INFO] CADModel:114 - Register for checkConnection events
2024-02-25 13:32:24,278 [INFO] IPUIPlugin:80 - create IPUIPlugin
2024-02-25 13:32:24,279 [INFO] PluginManager:220 - loadIPPluginJar : add adc
2024-02-25 13:32:24,282 [INFO] IPUIPlugin:80 - create IPUIPlugin
2024-02-25 13:32:24,283 [INFO] PluginManager:220 - loadIPPluginJar : add aes
2024-02-25 13:32:24,285 [INFO] IPUIPlugin:80 - create IPUIPlugin
2024-02-25 13:32:24,286 [INFO] PluginManager:220 - loadIPPluginJar : add can
2024-02-25 13:32:24,288 [INFO] IPUIPlugin:80 - create IPUIPlugin
2024-02-25 13:32:24,288 [INFO] PluginManager:220 - loadIPPluginJar : add comp
2024-02-25 13:32:24,290 [INFO] IPUIPlugin:80 - create IPUIPlugin
2024-02-25 13:32:24,290 [INFO] PluginManager:220 - loadIPPluginJar : add cryp
2024-02-25 13:32:24,293 [INFO] IPUIPlugin:80 - create IPUIPlugin
2024-02-25 13:32:24,293 [INFO] PluginManager:220 - loadIPPluginJar : add dfsdm
2024-02-25 13:32:24,300 [INFO] IPUIPlugin:80 - create IPUIPlugin
2024-02-25 13:32:24,300 [INFO] PluginManager:220 - loadIPPluginJar : add dma
2024-02-25 13:32:24,303 [INFO] IPUIPlugin:80 - create IPUIPlugin
2024-02-25 13:32:24,304 [INFO] PluginManager:220 - loadIPPluginJar : add dma3
2024-02-25 13:32:24,305 [INFO] IPUIPlugin:80 - create IPUIPlugin
2024-02-25 13:32:24,305 [INFO] PluginManager:220 - loadIPPluginJar : add fatfs
2024-02-25 13:32:24,310 [INFO] IPUIPlugin:80 - create IPUIPlugin
2024-02-25 13:32:24,310 [INFO] PluginManager:220 - loadIPPluginJar : add fmc
2024-02-25 13:32:24,315 [INFO] IPUIPlugin:80 - create IPUIPlugin
2024-02-25 13:32:24,315 [INFO] PluginManager:220 - loadIPPluginJar : add freertos
2024-02-25 13:32:24,316 [INFO] IPUIPlugin:80 - create IPUIPlugin
2024-02-25 13:32:24,316 [INFO] PluginManager:220 - loadIPPluginJar : add genericplugin
2024-02-25 13:32:24,319 [INFO] IPUIPlugin:80 - create IPUIPlugin
2024-02-25 13:32:24,319 [INFO] PluginManager:220 - loadIPPluginJar : add gfxmmu
2024-02-25 13:32:24,324 [INFO] IPUIPlugin:80 - create IPUIPlugin
2024-02-25 13:32:24,324 [INFO] PluginManager:220 - loadIPPluginJar : add gic
2024-02-25 13:32:24,328 [INFO] IPUIPlugin:80 - create IPUIPlugin
2024-02-25 13:32:24,328 [INFO] PluginManager:220 - loadIPPluginJar : add gpio
2024-02-25 13:32:24,332 [INFO] IPUIPlugin:80 - create IPUIPlugin
2024-02-25 13:32:24,332 [INFO] PluginManager:220 - loadIPPluginJar : add gtzc
2024-02-25 13:32:24,334 [INFO] IPUIPlugin:80 - create IPUIPlugin
2024-02-25 13:32:24,334 [INFO] PluginManager:220 - loadIPPluginJar : add hash
2024-02-25 13:32:24,336 [INFO] IPUIPlugin:80 - create IPUIPlugin
2024-02-25 13:32:24,338 [INFO] PluginManager:220 - loadIPPluginJar : add i2c
2024-02-25 13:32:24,340 [INFO] IPUIPlugin:80 - create IPUIPlugin
2024-02-25 13:32:24,340 [INFO] PluginManager:220 - loadIPPluginJar : add i2s
2024-02-25 13:32:24,342 [INFO] IPUIPlugin:80 - create IPUIPlugin
2024-02-25 13:32:24,342 [INFO] PluginManager:220 - loadIPPluginJar : add i3c
2024-02-25 13:32:24,347 [INFO] IPUIPlugin:80 - create IPUIPlugin
2024-02-25 13:32:24,347 [INFO] PluginManager:220 - loadIPPluginJar : add ipddr
2024-02-25 13:32:24,354 [INFO] IPUIPlugin:80 - create IPUIPlugin
2024-02-25 13:32:24,354 [INFO] PluginManager:220 - loadIPPluginJar : add linkedlist
2024-02-25 13:32:24,356 [INFO] IPUIPlugin:80 - create IPUIPlugin
2024-02-25 13:32:24,357 [INFO] PluginManager:220 - loadIPPluginJar : add lorawan
2024-02-25 13:32:24,358 [INFO] IPUIPlugin:80 - create IPUIPlugin
2024-02-25 13:32:24,358 [INFO] PluginManager:220 - loadIPPluginJar : add ltdc
2024-02-25 13:32:24,365 [INFO] IPUIPlugin:80 - create IPUIPlugin
2024-02-25 13:32:24,365 [INFO] PluginManager:220 - loadIPPluginJar : add mdma
2024-02-25 13:32:24,370 [INFO] IPUIPlugin:80 - create IPUIPlugin
2024-02-25 13:32:24,370 [INFO] PluginManager:220 - loadIPPluginJar : add nvic
2024-02-25 13:32:24,373 [INFO] IPUIPlugin:80 - create IPUIPlugin
2024-02-25 13:32:24,373 [INFO] PluginManager:220 - loadIPPluginJar : add opamp
2024-02-25 13:32:24,376 [INFO] IPUIPlugin:80 - create IPUIPlugin
2024-02-25 13:32:24,377 [INFO] PluginManager:220 - loadIPPluginJar : add openamp
2024-02-25 13:32:24,383 [INFO] IPUIPlugin:80 - create IPUIPlugin
2024-02-25 13:32:24,383 [INFO] PluginManager:220 - loadIPPluginJar : add pdm2pcm
2024-02-25 13:32:24,390 [INFO] IPUIPlugin:80 - create IPUIPlugin
2024-02-25 13:32:24,393 [INFO] PluginManager:220 - loadIPPluginJar : add plateformsettings
2024-02-25 13:32:24,395 [INFO] IPUIPlugin:80 - create IPUIPlugin
2024-02-25 13:32:24,395 [INFO] PluginManager:220 - loadIPPluginJar : add quadspi
2024-02-25 13:32:24,401 [INFO] IPUIPlugin:80 - create IPUIPlugin
2024-02-25 13:32:24,401 [INFO] PluginManager:220 - loadIPPluginJar : add resmgrutility
2024-02-25 13:32:24,404 [INFO] IPUIPlugin:80 - create IPUIPlugin
2024-02-25 13:32:24,404 [INFO] PluginManager:220 - loadIPPluginJar : add sai
2024-02-25 13:32:24,406 [INFO] IPUIPlugin:80 - create IPUIPlugin
2024-02-25 13:32:24,406 [INFO] PluginManager:220 - loadIPPluginJar : add spi
2024-02-25 13:32:24,414 [INFO] IPUIPlugin:80 - create IPUIPlugin
2024-02-25 13:32:24,414 [INFO] PluginManager:220 - loadIPPluginJar : add stm32_wpan
2024-02-25 13:32:24,416 [INFO] IPUIPlugin:80 - create IPUIPlugin
2024-02-25 13:32:24,416 [INFO] PluginManager:220 - loadIPPluginJar : add tim
2024-02-25 13:32:24,421 [INFO] IPUIPlugin:80 - create IPUIPlugin
2024-02-25 13:32:24,421 [INFO] PluginManager:220 - loadIPPluginJar : add touchsensing
2024-02-25 13:32:24,423 [INFO] IPUIPlugin:80 - create IPUIPlugin
2024-02-25 13:32:24,423 [INFO] PluginManager:220 - loadIPPluginJar : add tracer_emb
2024-02-25 13:32:24,425 [INFO] IPUIPlugin:80 - create IPUIPlugin
2024-02-25 13:32:24,426 [INFO] PluginManager:220 - loadIPPluginJar : add ts
2024-02-25 13:32:24,428 [INFO] IPUIPlugin:80 - create IPUIPlugin
2024-02-25 13:32:24,428 [INFO] PluginManager:220 - loadIPPluginJar : add tsc
2024-02-25 13:32:24,431 [INFO] IPUIPlugin:80 - create IPUIPlugin
2024-02-25 13:32:24,432 [INFO] PluginManager:220 - loadIPPluginJar : add ucpd
2024-02-25 13:32:24,435 [INFO] IPUIPlugin:80 - create IPUIPlugin
2024-02-25 13:32:24,435 [INFO] PluginManager:220 - loadIPPluginJar : add usart
2024-02-25 13:32:24,438 [INFO] IPUIPlugin:80 - create IPUIPlugin
2024-02-25 13:32:24,438 [INFO] PluginManager:220 - loadIPPluginJar : add usbx
2024-02-25 13:32:24,578 [INFO] CADModel:165 - CPN selected for project level
2024-02-25 13:32:24,578 [INFO] CADModel:114 - Register for checkConnection events
2024-02-25 13:32:24,579 [FATAL] Updater:308 - Updater called before beeing initialized
2024-02-25 13:32:24,580 [ERROR] CADModel:125 - Updater not yet initialized, retry later 
2024-02-25 13:32:24,768 [INFO] CADModel:165 - CPN selected for project level
2024-02-25 13:32:24,768 [INFO] CADModel:114 - Register for checkConnection events
2024-02-25 13:32:24,768 [FATAL] Updater:308 - Updater called before beeing initialized
2024-02-25 13:32:24,768 [ERROR] CADModel:125 - Updater not yet initialized, retry later 
2024-02-25 13:32:24,772 [FATAL] Updater:308 - Updater called before beeing initialized
2024-02-25 13:32:24,903 [FATAL] Updater:308 - Updater called before beeing initialized
2024-02-25 13:32:24,906 [INFO] DbMcusAds:53 - JSON generation date=Wed Nov 29 05:52:27 EST 2023 (1701255147349)
2024-02-25 13:32:24,906 [FATAL] Updater:308 - Updater called before beeing initialized
2024-02-25 13:32:24,947 [WARN] DetailPanel:346 - Failed to get advertising image, set to default
2024-02-25 13:32:25,040 [FATAL] Updater:308 - Updater called before beeing initialized
2024-02-25 13:32:25,042 [FATAL] Updater:308 - Updater called before beeing initialized
2024-02-25 13:32:25,042 [FATAL] Updater:308 - Updater called before beeing initialized
2024-02-25 13:32:25,042 [WARN] DetailPanel:346 - Failed to get advertising image, set to default
2024-02-25 13:32:25,043 [FATAL] Updater:308 - Updater called before beeing initialized
2024-02-25 13:32:25,104 [ERROR] Updater:1120 - MainUpdater not yet initialized. External WinMGr cannot be set.
2024-02-25 13:32:25,106 [INFO] Updater:1056 - Updater Version found : 6.10.0
2024-02-25 13:32:25,130 [INFO] ApplicationProperties:184 - Using Application install path: C:\ST\STM32CubeIDE_1.14.1\STM32CubeIDE\plugins\com.st.stm32cube.common.mx_6.10.0.202311202037
2024-02-25 13:32:26,663 [INFO] ThirdPartyUpdaterWithRetryManager:70 - Updater plugin not ready yet. [2/15]
2024-02-25 13:32:26,710 [ERROR] LogOutputStream:75 - [STDERR_REDIRECT] Feb 25, 2024 1:32:26 PM java.util.prefs.WindowsPreferences <init>
2024-02-25 13:32:26,711 [ERROR] LogOutputStream:75 - [STDERR_REDIRECT] WARNING: Could not open/create prefs root node Software\JavaSoft\Prefs at root 0xffffffff80000002. Windows RegCreateKeyEx(...) returned error code 5.
2024-02-25 13:32:26,712 [ERROR] LogOutputStream:75 - [STDERR_REDIRECT] 
2024-02-25 13:32:27,052 [INFO] MainUpdater:2873 - connection check result : 10
2024-02-25 13:32:27,053 [INFO] MainUpdater:290 - Updater Check For Update Now.
2024-02-25 13:32:27,053 [INFO] MicroXplorer:498 - Change Database Version : DB.6.0.100
2024-02-25 13:32:27,060 [INFO] McuFinderGlobals:63 - Set McuFinder mode to 2 (CubeIDE integrated)
2024-02-25 13:32:27,061 [INFO] UserAuth:180 - activating auth plugin
2024-02-25 13:32:27,066 [INFO] UserAuth:404 - Internet connection configuration mode: 1
2024-02-25 13:32:27,098 [INFO] JxBrowserEngine:152 - Initiate JxBrowser Engine with user profile folder
2024-02-25 13:32:27,228 [INFO] CheckServerUpdateThread:120 - End of CheckServer Thread
2024-02-25 13:32:28,108 [INFO] WebApp:161 - Instantiating new browser for Auth
2024-02-25 13:32:28,973 [INFO] WebApp:780 - Register for checkConnection events
2024-02-25 13:32:28,974 [INFO] WebApp:414 - Apply proxy settings
2024-02-25 13:32:28,974 [INFO] WebApp:499 - Chromium requires no authentication
2024-02-25 13:32:28,984 [INFO] WebApp:442 - Direct internet connection detected
2024-02-25 13:32:29,196 [INFO] WebApp:192 - Starting web application
2024-02-25 13:32:29,196 [INFO] WebApp:544 - Web application path used C:\ST\STM32CubeIDE_1.14.1\STM32CubeIDE\plugins\com.st.stm32cube.common.mx_6.10.0.202311202037\db\plugins\mcufinder\reactClient1\index.html
2024-02-25 13:32:29,926 [WARN] PackLoader:240 - Cannot read IP mode file for STMicroelectronics.X-CUBE-SMBUS.2.1.0
2024-02-25 13:32:29,962 [WARN] PackLoader:240 - Cannot read IP mode file for STMicroelectronics.X-CUBE-TOUCHGFX.4.23.0
2024-02-25 13:32:30,161 [WARN] PackLoader:240 - Cannot read IP mode file for STMicroelectronics.X-CUBE-AZRTOS-F7.1.1.0
2024-02-25 13:32:30,205 [WARN] PackLoader:240 - Cannot read IP mode file for STMicroelectronics.FP-SNS-MOTENV1.4.3.2
2024-02-25 13:32:30,231 [WARN] PackLoader:240 - Cannot read IP mode file for STMicroelectronics.FP-SNS-FLIGHT1.5.0.2
2024-02-25 13:32:30,265 [WARN] PackLoader:240 - Cannot read IP mode file for STMicroelectronics.X-CUBE-DISPLAY.3.0.0
2024-02-25 13:32:30,317 [WARN] PackLoader:240 - Cannot read IP mode file for STMicroelectronics.X-CUBE-BLE1.7.0.0
2024-02-25 13:32:30,345 [WARN] PackLoader:240 - Cannot read IP mode file for emotas.I-CUBE-CANOPEN.1.3.0
2024-02-25 13:32:30,396 [WARN] PackLoader:240 - Cannot read IP mode file for STMicroelectronics.FP-SNS-SMARTAG2.1.2.0
2024-02-25 13:32:30,480 [INFO] LogOutputStream:77 - [STDOUT_REDIRECT] 1 : Invalid condition id : UX_CORESTACK_Condition cause : null
2024-02-25 13:32:30,480 [INFO] LogOutputStream:77 - [STDOUT_REDIRECT] 1 : Invalid condition id : UX_CORESTACK_Condition cause : null
2024-02-25 13:32:30,482 [INFO] LogOutputStream:77 - [STDOUT_REDIRECT] 1 : Invalid condition id : UX_CORESTACK_Condition cause : null
2024-02-25 13:32:30,483 [INFO] LogOutputStream:77 - [STDOUT_REDIRECT] 1 : Invalid condition id : UX_CORESTACK_Condition cause : null
2024-02-25 13:32:30,484 [INFO] LogOutputStream:77 - [STDOUT_REDIRECT] 1 : Invalid condition id : UX_CORESTACK_Condition cause : null
2024-02-25 13:32:30,486 [WARN] PackLoader:240 - Cannot read IP mode file for STMicroelectronics.X-CUBE-AZRTOS-WL.2.0.0
2024-02-25 13:32:30,538 [WARN] PackLoader:240 - Cannot read IP mode file for WES.I-CUBE-Cesium.1.3.0
2024-02-25 13:32:30,551 [WARN] PackLoader:240 - Cannot read IP mode file for STMicroelectronics.X-CUBE-BLE2.3.3.0
2024-02-25 13:32:30,562 [WARN] PackLoader:240 - Cannot read IP mode file for STMicroelectronics.X-CUBE-ALGOBUILD.1.3.0
2024-02-25 13:32:30,579 [WARN] PackLoader:240 - Cannot read IP mode file for STMicroelectronics.X-CUBE-AZRTOS-G0.1.1.0
2024-02-25 13:32:30,586 [WARN] PackLoader:240 - Cannot read IP mode file for STMicroelectronics.X-CUBE-NFC4.3.0.0
2024-02-25 13:32:30,600 [WARN] PackLoader:240 - Cannot read IP mode file for STMicroelectronics.X-CUBE-BLEMGR.3.0.0
2024-02-25 13:32:30,606 [WARN] PackLoader:240 - Cannot read IP mode file for STMicroelectronics.FP-ATR-SIGFOX1.3.2.0
2024-02-25 13:32:30,613 [WARN] PackLoader:240 - Cannot read IP mode file for STMicroelectronics.X-CUBE-EEPRMA1.5.1.0
2024-02-25 13:32:30,638 [WARN] PackLoader:240 - Cannot read IP mode file for SEGGER.I-CUBE-embOS.1.3.1
2024-02-25 13:32:30,672 [WARN] PackLoader:240 - Cannot read IP mode file for STMicroelectronics.X-CUBE-GNSS1.6.0.0
2024-02-25 13:32:30,686 [WARN] PackLoader:240 - Cannot read IP mode file for STMicroelectronics.X-CUBE-AZRTOS-F4.1.1.0
2024-02-25 13:32:30,693 [WARN] PackLoader:240 - Cannot read IP mode file for wolfSSL.I-CUBE-wolfSSL.5.6.6
2024-02-25 13:32:30,708 [WARN] PackLoader:240 - Cannot read IP mode file for STMicroelectronics.X-CUBE-AZRTOS-L5.2.0.0
2024-02-25 13:32:30,715 [WARN] PackLoader:240 - Cannot read IP mode file for STMicroelectronics.X-CUBE-EEPRMA1.4.2.0
2024-02-25 13:32:30,721 [WARN] PackLoader:240 - Cannot read IP mode file for ITTIA_DB.I-CUBE-ITTIADB.8.8.0
2024-02-25 13:32:30,726 [WARN] PackLoader:240 - Cannot read IP mode file for STMicroelectronics.X-CUBE-NFC7.1.0.1
2024-02-25 13:32:30,734 [WARN] PackLoader:240 - Cannot read IP mode file for STMicroelectronics.X-CUBE-NFC6.3.0.0
2024-02-25 13:32:30,742 [WARN] PackLoader:240 - Cannot read IP mode file for STMicroelectronics.X-CUBE-AI.8.1.0
2024-02-25 13:32:30,756 [WARN] ConditionMgr:438 - getConditionDescription Invalid condition id : LAN8742 Phy interface Condition cause : null
2024-02-25 13:32:30,756 [WARN] PackLoader:240 - Cannot read IP mode file for STMicroelectronics.X-CUBE-AZRTOS-L4.2.0.0
2024-02-25 13:32:30,758 [WARN] ConditionMgr:1039 - genDependencies : Invalid condition id : LAN8742 Phy interface Condition cause : null
2024-02-25 13:32:30,758 [WARN] ConditionMgr:1039 - genDependencies : Invalid condition id : LAN8742 Phy interface Condition cause : null
2024-02-25 13:32:30,758 [WARN] ConditionMgr:1039 - genDependencies : Invalid condition id : LAN8742 Phy interface Condition cause : null
2024-02-25 13:32:30,766 [WARN] PackLoader:240 - Cannot read IP mode file for STMicroelectronics.X-CUBE-SFXS2LP1.4.0.0
2024-02-25 13:32:30,776 [WARN] ConditionMgr:438 - getConditionDescription Invalid condition id : UX DEVICE CLASS RTOS Condition cause : null
2024-02-25 13:32:30,776 [WARN] ConditionMgr:438 - getConditionDescription Invalid condition id : UX DEVICE CLASS RTOS Condition cause : null
2024-02-25 13:32:30,779 [WARN] PackLoader:240 - Cannot read IP mode file for STMicroelectronics.X-CUBE-AZRTOS-WB.2.0.0
2024-02-25 13:32:30,779 [WARN] ConditionMgr:1039 - genDependencies : Invalid condition id : UX DEVICE CLASS RTOS Condition cause : null
2024-02-25 13:32:30,780 [WARN] ConditionMgr:1039 - genDependencies : Invalid condition id : UX DEVICE CLASS RTOS Condition cause : null
2024-02-25 13:32:30,780 [WARN] ConditionMgr:1039 - genDependencies : Invalid condition id : UX DEVICE CLASS RTOS Condition cause : null
2024-02-25 13:32:30,780 [WARN] ConditionMgr:1039 - genDependencies : Invalid condition id : UX DEVICE CLASS RTOS Condition cause : null
2024-02-25 13:32:30,781 [WARN] ConditionMgr:1039 - genDependencies : Invalid condition id : UX DEVICE CLASS RTOS Condition cause : null
2024-02-25 13:32:30,794 [WARN] PackLoader:240 - Cannot read IP mode file for STMicroelectronics.X-CUBE-SUBG2.5.0.0
2024-02-25 13:32:30,809 [WARN] PackLoader:240 - Cannot read IP mode file for STMicroelectronics.X-CUBE-AZRTOS-G4.2.0.0
2024-02-25 13:32:30,820 [WARN] PackLoader:240 - Cannot read IP mode file for Infineon.AIROC-Wi-Fi-Bluetooth-STM32.1.5.1
2024-02-25 13:32:30,828 [WARN] PackLoader:240 - Cannot read IP mode file for STMicroelectronics.FP-SNS-MOTENVWB1.1.3.1
2024-02-25 13:32:30,832 [WARN] PackLoader:240 - Cannot read IP mode file for STMicroelectronics.X-CUBE-ISPU.2.0.0
2024-02-25 13:32:30,864 [WARN] PackLoader:240 - Cannot read IP mode file for STMicroelectronics.X-CUBE-MEMS1.10.0.0
2024-02-25 13:32:30,979 [WARN] PackLoader:240 - Cannot read IP mode file for STMicroelectronics.X-CUBE-FREERTOS.1.1.0
2024-02-25 13:32:30,992 [WARN] PackLoader:240 - Cannot read IP mode file for portGmbH.I-Cube-SoM-uGOAL.1.1.0
2024-02-25 13:32:31,002 [WARN] PackLoader:240 - Cannot read IP mode file for STMicroelectronics.X-CUBE-ALS.1.0.1
2024-02-25 13:32:31,008 [WARN] PackLoader:240 - Cannot read IP mode file for STMicroelectronics.FP-ATR-ASTRA1.2.0.0
2024-02-25 13:32:31,019 [WARN] PackLoader:240 - Cannot read IP mode file for STMicroelectronics.X-CUBE-TOF1.3.4.0
2024-02-25 13:32:31,046 [WARN] PackLoader:240 - Cannot read IP mode file for STMicroelectronics.X-CUBE-AZRTOS-H7.3.2.0
2024-02-25 13:32:31,050 [INFO] ThirdParty:978 - Integrity check success = true
2024-02-25 13:32:31,050 [INFO] IntegrityCheckThread:100 - exiting critical section [integrity check]
2024-02-25 13:32:31,050 [INFO] IntegrityCheckThread:103 - End integrity checks thread
2024-02-25 13:32:49,938 [ERROR] LogOutputStream:75 - [STDERR_REDIRECT] SLF4J: Failed to load class "org.slf4j.impl.StaticLoggerBinder".
2024-02-25 13:32:49,939 [ERROR] LogOutputStream:75 - [STDERR_REDIRECT] SLF4J: Defaulting to no-operation (NOP) logger implementation
2024-02-25 13:32:49,940 [ERROR] LogOutputStream:75 - [STDERR_REDIRECT] SLF4J: See http://www.slf4j.org/codes.html#StaticLoggerBinder for further details.
